\BOOKMARK [0][-]{chapter.1}{Project Drivers}{}% 1
\BOOKMARK [1][-]{section.1.1}{Legal and Copyright Information}{chapter.1}% 2
\BOOKMARK [2][-]{subsection.1.1.1}{The User Business or Background of the Project Effort}{section.1.1}% 3
\BOOKMARK [2][-]{subsection.1.1.2}{Goals of the Project}{section.1.1}% 4
\BOOKMARK [1][-]{section.1.2}{The Client, the Customer, and Other Stakeholders}{chapter.1}% 5
\BOOKMARK [2][-]{subsection.1.2.1}{The Client}{section.1.2}% 6
\BOOKMARK [2][-]{subsection.1.2.2}{The Customer}{section.1.2}% 7
\BOOKMARK [2][-]{subsection.1.2.3}{Other Stakeholders}{section.1.2}% 8
\BOOKMARK [1][-]{section.1.3}{Users of the Product}{chapter.1}% 9
\BOOKMARK [2][-]{subsection.1.3.1}{The Hands-on Users of the Product}{section.1.3}% 10
\BOOKMARK [2][-]{subsection.1.3.2}{Priorities Assigned to Users}{section.1.3}% 11
\BOOKMARK [2][-]{subsection.1.3.3}{User Participation}{section.1.3}% 12
\BOOKMARK [2][-]{subsection.1.3.4}{Maintenance Users and Service Technicians}{section.1.3}% 13
\BOOKMARK [0][-]{chapter.2}{Project Constraints}{}% 14
\BOOKMARK [1][-]{section.2.1}{Mandated Constraints}{chapter.2}% 15
\BOOKMARK [2][-]{subsection.2.1.1}{Solution Constraints}{section.2.1}% 16
\BOOKMARK [2][-]{subsection.2.1.2}{Implementation Environment of the Current System}{section.2.1}% 17
\BOOKMARK [2][-]{subsection.2.1.3}{Partner or Collaborative Applications}{section.2.1}% 18
\BOOKMARK [2][-]{subsection.2.1.4}{Off-the-Shelf Software}{section.2.1}% 19
\BOOKMARK [2][-]{subsection.2.1.5}{Anticipated Workplace Environment}{section.2.1}% 20
\BOOKMARK [2][-]{subsection.2.1.6}{Schedule Constraints}{section.2.1}% 21
\BOOKMARK [2][-]{subsection.2.1.7}{Budget Constraints}{section.2.1}% 22
\BOOKMARK [1][-]{section.2.2}{Naming Conventions and Definitions}{chapter.2}% 23
\BOOKMARK [2][-]{subsection.2.2.1}{Definitions of All Terms, Including Acronyms, Used in the Project}{section.2.2}% 24
\BOOKMARK [2][-]{subsection.2.2.2}{Data Dictionary for any Included Models}{section.2.2}% 25
\BOOKMARK [1][-]{section.2.3}{Relevant Facts and Assumptions}{chapter.2}% 26
\BOOKMARK [2][-]{subsection.2.3.1}{Facts}{section.2.3}% 27
\BOOKMARK [2][-]{subsection.2.3.2}{Assumptions}{section.2.3}% 28
\BOOKMARK [0][-]{chapter.3}{Functional Requirements}{}% 29
\BOOKMARK [1][-]{section.3.1}{The Scope of the Work}{chapter.3}% 30
\BOOKMARK [2][-]{subsection.3.1.1}{The Current Situation}{section.3.1}% 31
\BOOKMARK [2][-]{subsection.3.1.2}{The Context of the Work}{section.3.1}% 32
\BOOKMARK [2][-]{subsection.3.1.3}{Work Partitioning}{section.3.1}% 33
\BOOKMARK [1][-]{section.3.2}{The Scope of the Product}{chapter.3}% 34
\BOOKMARK [2][-]{subsection.3.2.1}{Product Boundary}{section.3.2}% 35
\BOOKMARK [2][-]{subsection.3.2.2}{Product Use-case List}{section.3.2}% 36
\BOOKMARK [2][-]{subsection.3.2.3}{Individual Product Use Cases}{section.3.2}% 37
\BOOKMARK [1][-]{section.3.3}{Functional and Data Requirements}{chapter.3}% 38
\BOOKMARK [2][-]{subsection.3.3.1}{Functional Requirements}{section.3.3}% 39
\BOOKMARK [2][-]{subsection.3.3.2}{Data Requirements}{section.3.3}% 40
\BOOKMARK [0][-]{chapter.4}{Nonfunctional Requirements}{}% 41
\BOOKMARK [1][-]{section.4.1}{Look and Feel Requirements}{chapter.4}% 42
\BOOKMARK [2][-]{subsection.4.1.1}{Appearance Requirements}{section.4.1}% 43
\BOOKMARK [2][-]{subsection.4.1.2}{Style Requirements}{section.4.1}% 44
\BOOKMARK [1][-]{section.4.2}{Usability and Humanity Requirements}{chapter.4}% 45
\BOOKMARK [2][-]{subsection.4.2.1}{Ease of Use Requirements}{section.4.2}% 46
\BOOKMARK [2][-]{subsection.4.2.2}{Personalization and Internationalization Requirements}{section.4.2}% 47
\BOOKMARK [2][-]{subsection.4.2.3}{Learning Requirements}{section.4.2}% 48
\BOOKMARK [2][-]{subsection.4.2.4}{Understandability and Politeness Requirements}{section.4.2}% 49
\BOOKMARK [2][-]{subsection.4.2.5}{Accessibility Requirements}{section.4.2}% 50
\BOOKMARK [1][-]{section.4.3}{Performance Requirements}{chapter.4}% 51
\BOOKMARK [2][-]{subsection.4.3.1}{Speed and Latency Requirements}{section.4.3}% 52
\BOOKMARK [2][-]{subsection.4.3.2}{Safety-Critical Requirements}{section.4.3}% 53
\BOOKMARK [2][-]{subsection.4.3.3}{Precision or Accuracy Requirements}{section.4.3}% 54
\BOOKMARK [2][-]{subsection.4.3.4}{Reliability and Availability Requirements}{section.4.3}% 55
\BOOKMARK [2][-]{subsection.4.3.5}{Robustness or Fault-Tolerance Requirements}{section.4.3}% 56
\BOOKMARK [2][-]{subsection.4.3.6}{Capacity Requirements}{section.4.3}% 57
\BOOKMARK [2][-]{subsection.4.3.7}{Scaling of Extensibility Requirements}{section.4.3}% 58
\BOOKMARK [2][-]{subsection.4.3.8}{Longevity Requirements}{section.4.3}% 59
\BOOKMARK [1][-]{section.4.4}{Operational and Environmental Requirements}{chapter.4}% 60
\BOOKMARK [2][-]{subsection.4.4.1}{Expected Physical Environment}{section.4.4}% 61
\BOOKMARK [2][-]{subsection.4.4.2}{Requirements for Interfacing with Adjacent Systems}{section.4.4}% 62
\BOOKMARK [2][-]{subsection.4.4.3}{Productization Requirements}{section.4.4}% 63
\BOOKMARK [2][-]{subsection.4.4.4}{Release Requirements}{section.4.4}% 64
\BOOKMARK [1][-]{section.4.5}{Maintainability and Support Requirements}{chapter.4}% 65
\BOOKMARK [2][-]{subsection.4.5.1}{Maintenance Requirements}{section.4.5}% 66
\BOOKMARK [2][-]{subsection.4.5.2}{Supportability Requirements}{section.4.5}% 67
\BOOKMARK [2][-]{subsection.4.5.3}{Adaptability Requirements}{section.4.5}% 68
\BOOKMARK [1][-]{section.4.6}{Security Requirements}{chapter.4}% 69
\BOOKMARK [2][-]{subsection.4.6.1}{Access Requirements}{section.4.6}% 70
\BOOKMARK [2][-]{subsection.4.6.2}{Integrity Requirements}{section.4.6}% 71
\BOOKMARK [2][-]{subsection.4.6.3}{Privacy Requirements}{section.4.6}% 72
\BOOKMARK [2][-]{subsection.4.6.4}{Audit Requirements}{section.4.6}% 73
\BOOKMARK [2][-]{subsection.4.6.5}{Immunity Requirements}{section.4.6}% 74
\BOOKMARK [1][-]{section.4.7}{Cultural and Political Requirements}{chapter.4}% 75
\BOOKMARK [2][-]{subsection.4.7.1}{Cultural Requirements}{section.4.7}% 76
\BOOKMARK [2][-]{subsection.4.7.2}{Political Requirements}{section.4.7}% 77
\BOOKMARK [1][-]{section.4.8}{Legal Requirements}{chapter.4}% 78
\BOOKMARK [2][-]{subsection.4.8.1}{Compliance Requirements}{section.4.8}% 79
\BOOKMARK [2][-]{subsection.4.8.2}{Standards Requirements}{section.4.8}% 80
\BOOKMARK [0][-]{chapter.5}{Project Issues}{}% 81
\BOOKMARK [1][-]{section.5.1}{Open Issues}{chapter.5}% 82
\BOOKMARK [1][-]{section.5.2}{Off-the-Shelf Solutions}{chapter.5}% 83
\BOOKMARK [2][-]{subsection.5.2.1}{Ready-Made Products}{section.5.2}% 84
\BOOKMARK [2][-]{subsection.5.2.2}{Reusable Components}{section.5.2}% 85
\BOOKMARK [2][-]{subsection.5.2.3}{Products That Can Be Copied}{section.5.2}% 86
\BOOKMARK [1][-]{section.5.3}{New Problems}{chapter.5}% 87
\BOOKMARK [2][-]{subsection.5.3.1}{Effects on the Current Environment}{section.5.3}% 88
\BOOKMARK [2][-]{subsection.5.3.2}{Effects on the Installed Systems}{section.5.3}% 89
\BOOKMARK [2][-]{subsection.5.3.3}{Potential User Problems}{section.5.3}% 90
\BOOKMARK [2][-]{subsection.5.3.4}{Limitations in the Anticipated Implementation Environment That May Inhibit the New Product}{section.5.3}% 91
\BOOKMARK [2][-]{subsection.5.3.5}{Follow-Up Problems}{section.5.3}% 92
\BOOKMARK [1][-]{section.5.4}{Tasks}{chapter.5}% 93
\BOOKMARK [2][-]{subsection.5.4.1}{Project Planning}{section.5.4}% 94
\BOOKMARK [2][-]{subsection.5.4.2}{Planning of the Development Phases}{section.5.4}% 95
\BOOKMARK [1][-]{section.5.5}{Migration to the New Product}{chapter.5}% 96
\BOOKMARK [2][-]{subsection.5.5.1}{Requirements for Migration of the New Product}{section.5.5}% 97
\BOOKMARK [2][-]{subsection.5.5.2}{Data That Has to Be Modified or Translated for the New System}{section.5.5}% 98
\BOOKMARK [1][-]{section.5.6}{Risks}{chapter.5}% 99
\BOOKMARK [1][-]{section.5.7}{Costs}{chapter.5}% 100
\BOOKMARK [1][-]{section.5.8}{User Documentation and Training}{chapter.5}% 101
\BOOKMARK [2][-]{subsection.5.8.1}{User Documentation Requirements}{section.5.8}% 102
\BOOKMARK [2][-]{subsection.5.8.2}{Training Requirements}{section.5.8}% 103
\BOOKMARK [1][-]{section.5.9}{Waiting Room}{chapter.5}% 104
\BOOKMARK [1][-]{section.5.10}{Ideas for Solutions}{chapter.5}% 105
